0 verbose cli C:\Program Files\nodejs\node.exe C:\Users\tatii\AppData\Roaming\npm\node_modules\npm\bin\npm-cli.js
0 verbose cli C:\Program Files\nodejs\node.exe C:\Users\tatii\AppData\Roaming\npm\node_modules\npm\bin\npm-cli.js
1 info using npm@10.9.0
2 info using node@v20.11.0
1 info using npm@10.9.0
3 silly config load:file:C:\Users\tatii\AppData\Roaming\npm\node_modules\npm\npmrc
2 info using node@v20.11.0
4 silly config load:file:c:\Users\tatii\OneDrive\Área de Trabalho\ADS\ODS\eco-vista-linda\.npmrc
3 silly config load:file:C:\Users\tatii\AppData\Roaming\npm\node_modules\npm\npmrc
4 silly config load:file:c:\Users\tatii\OneDrive\Área de Trabalho\ADS\ODS\eco-vista-linda\.npmrc
5 silly config load:file:C:\Users\tatii\.npmrc
5 silly config load:file:C:\Users\tatii\.npmrc
6 silly config load:file:C:\Users\tatii\AppData\Roaming\npm\etc\npmrc
6 silly config load:file:C:\Users\tatii\AppData\Roaming\npm\etc\npmrc
7 verbose title npm ls next
7 verbose title npm ls next
8 verbose argv "ls" "--json" "--depth" "0" "--" "next"
8 verbose argv "ls" "--json" "--depth" "0" "--" "next"
9 verbose logfile logs-max:10 dir:c:\Users\tatii\OneDrive\Área de Trabalho\ADS\ODS\eco-vista-linda\clean\_logs\2026-06-10T20_11_20_114Z-
9 verbose logfile logs-max:10 dir:c:\Users\tatii\OneDrive\Área de Trabalho\ADS\ODS\eco-vista-linda\clean\_logs\2026-06-10T20_11_20_114Z-
10 verbose logfile c:\Users\tatii\OneDrive\Área de Trabalho\ADS\ODS\eco-vista-linda\clean\_logs\2026-06-10T20_11_20_114Z-debug-0.log
10 verbose logfile c:\Users\tatii\OneDrive\Área de Trabalho\ADS\ODS\eco-vista-linda\clean\_logs\2026-06-10T20_11_20_114Z-debug-0.log
0 verbose cli C:\Program Files\nodejs\node.exe C:\Users\tatii\AppData\Roaming\npm\node_modules\npm\bin\npm-cli.js
0 verbose cli C:\Program Files\nodejs\node.exe C:\Users\tatii\AppData\Roaming\npm\node_modules\npm\bin\npm-cli.js
1 info using npm@10.9.0
1 info using npm@10.9.0
2 info using node@v20.11.0
2 info using node@v20.11.0
3 silly config load:file:C:\Users\tatii\AppData\Roaming\npm\node_modules\npm\npmrc
3 silly config load:file:C:\Users\tatii\AppData\Roaming\npm\node_modules\npm\npmrc
4 silly config load:file:c:\Users\tatii\OneDrive\Área de Trabalho\ADS\ODS\eco-vista-linda\.npmrc
4 silly config load:file:c:\Users\tatii\OneDrive\Área de Trabalho\ADS\ODS\eco-vista-linda\.npmrc
5 silly config load:file:C:\Users\tatii\.npmrc
6 silly config load:file:C:\Users\tatii\AppData\Roaming\npm\etc\npmrc
5 silly config load:file:C:\Users\tatii\.npmrc
7 verbose title npm view next@latest description homepage version time
6 silly config load:file:C:\Users\tatii\AppData\Roaming\npm\etc\npmrc
7 verbose title npm view next@latest description homepage version time
8 verbose argv "view" "--json" "--" "next@latest" "description" "homepage" "version" "time"
9 verbose logfile logs-max:10 dir:c:\Users\tatii\OneDrive\Área de Trabalho\ADS\ODS\eco-vista-linda\clean\_logs\2026-06-10T20_11_20_114Z-
10 verbose logfile c:\Users\tatii\OneDrive\Área de Trabalho\ADS\ODS\eco-vista-linda\clean\_logs\2026-06-10T20_11_20_114Z-debug-0.log
8 verbose argv "view" "--json" "--" "next@latest" "description" "homepage" "version" "time"
9 verbose logfile logs-max:10 dir:c:\Users\tatii\OneDrive\Área de Trabalho\ADS\ODS\eco-vista-linda\clean\_logs\2026-06-10T20_11_20_114Z-
10 verbose logfile c:\Users\tatii\OneDrive\Área de Trabalho\ADS\ODS\eco-vista-linda\clean\_logs\2026-06-10T20_11_20_114Z-debug-0.log
11 silly logfile start cleaning logs, removing 2 files
11 silly logfile start cleaning logs, removing 2 files
11 silly logfile start cleaning logs, removing 2 files
11 silly logfile start cleaning logs, removing 2 files
12 silly logfile done cleaning log files
12 silly logfile done cleaning log files
12 silly packumentCache heap:2197815296 maxSize:549453824 maxEntrySize:274726912
12 silly packumentCache heap:2197815296 maxSize:549453824 maxEntrySize:274726912
13 silly logfile done cleaning log files
13 silly logfile done cleaning log files
14 verbose cwd c:\Users\tatii\OneDrive\Área de Trabalho\ADS\ODS\eco-vista-linda
15 verbose os Windows_NT 10.0.26200
16 verbose node v20.11.0
17 verbose npm  v10.9.0
18 verbose exit 0
19 info ok
14 verbose cwd c:\Users\tatii\OneDrive\Área de Trabalho\ADS\ODS\eco-vista-linda
15 verbose os Windows_NT 10.0.26200
16 verbose node v20.11.0
17 verbose npm  v10.9.0
18 verbose exit 0
19 info ok
13 http fetch GET 200 https://registry.npmjs.org/next 581ms (cache revalidated)
13 http fetch GET 200 https://registry.npmjs.org/next 581ms (cache revalidated)
14 verbose cwd c:\Users\tatii\OneDrive\Área de Trabalho\ADS\ODS\eco-vista-linda
15 verbose os Windows_NT 10.0.26200
16 verbose node v20.11.0
17 verbose npm  v10.9.0
18 verbose exit 0
19 info ok
14 verbose cwd c:\Users\tatii\OneDrive\Área de Trabalho\ADS\ODS\eco-vista-linda
15 verbose os Windows_NT 10.0.26200
16 verbose node v20.11.0
17 verbose npm  v10.9.0
18 verbose exit 0
19 info ok
