0 verbose cli C:\Program Files\nodejs\node.exe C:\Program Files\nodejs\node_modules\npm\bin\npm-cli.js
1 info using npm@10.2.4
2 info using node@v20.11.0
3 timing npm:load:whichnode Completed in 6ms
4 timing config:load:defaults Completed in 4ms
5 timing config:load:file:C:\Program Files\nodejs\node_modules\npm\npmrc Completed in 9ms
6 timing config:load:builtin Completed in 9ms
7 timing config:load:cli Completed in 4ms
8 timing config:load:env Completed in 0ms
9 timing config:load:project Completed in 3ms
10 timing config:load:file:C:\Users\tatii\.npmrc Completed in 3ms
11 timing config:load:user Completed in 4ms
12 timing config:load:file:C:\Users\tatii\AppData\Roaming\npm\etc\npmrc Completed in 1ms
13 timing config:load:global Completed in 11ms
14 timing config:load:setEnvs Completed in 1ms
15 timing config:load Completed in 39ms
16 timing npm:load:configload Completed in 39ms
17 timing config:load:flatten Completed in 5ms
18 timing npm:load:mkdirpcache Completed in 1ms
19 timing npm:load:mkdirplogs Completed in 1ms
20 verbose title npm prefix
21 verbose argv "prefix" "--global"
22 timing npm:load:setTitle Completed in 2ms
23 timing npm:load:display Completed in 1ms
24 verbose logfile logs-max:10 dir:c:\Users\tatii\OneDrive\Área de Trabalho\ADS\ODS\eco-vista-linda\clean\_logs\2026-06-10T20_03_14_494Z-
25 verbose logfile c:\Users\tatii\OneDrive\Área de Trabalho\ADS\ODS\eco-vista-linda\clean\_logs\2026-06-10T20_03_14_494Z-debug-0.log
26 timing npm:load:logFile Completed in 16ms
27 timing npm:load:timers Completed in 0ms
28 timing npm:load:configScope Completed in 0ms
29 timing npm:load Completed in 121ms
30 timing command:prefix Completed in 2ms
31 verbose exit 0
32 timing npm Completed in 242ms
33 info ok
